#
# There is insufficient memory for the Java Runtime Environment to continue.
# Native memory allocation (malloc) failed to allocate 1048576 bytes for AllocateHeap
# Possible reasons:
#   The system is out of physical RAM or swap space
#   In 32 bit mode, the process size limit was hit
# Possible solutions:
#   Reduce memory load on the system
#   Increase physical memory or swap space
#   Check if swap backing store is full
#   Use 64 bit Java on a 64 bit OS
#   Decrease Java heap size (-Xmx/-Xms)
#   Decrease number of Java threads
#   Decrease Java thread stack sizes (-Xss)
#   Set larger code cache with -XX:ReservedCodeCacheSize=
# This output file may be truncated or incomplete.
#
#  Out of Memory Error (memory/allocation.inline.hpp:61), pid=7064, tid=9140
#
# JRE version:  (8.0_60-b27) (build )
# Java VM: Java HotSpot(TM) 64-Bit Server VM (25.60-b23 mixed mode windows-amd64 compressed oops)
# Failed to write core dump. Minidumps are not enabled by default on client versions of Windows
#

---------------  T H R E A D  ---------------

Current thread (0x00000000025f0800):  JavaThread "Unknown thread" [_thread_in_vm, id=9140, stack(0x0000000002420000,0x0000000002520000)]

Stack: [0x0000000002420000,0x0000000002520000]
[error occurred during error reporting (printing stack bounds), id 0xc0000005]

Native frames: (J=compiled Java code, j=interpreted, Vv=VM code, C=native code)


---------------  P R O C E S S  ---------------

Java Threads: ( => current thread )

Other Threads:

=>0x00000000025f0800 (exited) JavaThread "Unknown thread" [_thread_in_vm, id=9140, stack(0x0000000002420000,0x0000000002520000)]

VM state:not at safepoint (normal execution)

VM Mutex/Monitor currently owned by a thread: None

Heap:
 PSYoungGen      total 37888K, used 655K [0x00000000d6600000, 0x00000000d9000000, 0x0000000100000000)
  eden space 32768K, 2% used [0x00000000d6600000,0x00000000d66a3d80,0x00000000d8600000)
  from space 5120K, 0% used [0x00000000d8b00000,0x00000000d8b00000,0x00000000d9000000)
  to   space 5120K, 0% used [0x00000000d8600000,0x00000000d8600000,0x00000000d8b00000)
 ParOldGen       total 86016K, used 0K [0x0000000083200000, 0x0000000088600000, 0x00000000d6600000)
  object space 86016K, 0% used [0x0000000083200000,0x0000000083200000,0x0000000088600000)
 Metaspace       used 767K, capacity 4480K, committed 4480K, reserved 1056768K
  class space    used 75K, capacity 384K, committed 384K, reserved 1048576K

Card table byte_map: [0x0000000011ab0000,0x0000000011ea0000] byte_map_base: 0x0000000011697000

Marking Bits: (ParMarkBitMap*) 0x000000006e6fa5b0
 Begin Bits: [0x0000000012540000, 0x0000000014478000)
 End Bits:   [0x0000000014478000, 0x00000000163b0000)

Polling page: 0x0000000000bd0000

CodeCache: size=245760Kb used=327Kb max_used=327Kb free=245432Kb
 bounds [0x00000000026f0000, 0x0000000002960000, 0x00000000116f0000]
 total_blobs=56 nmethods=0 adapters=37
 compilation: enabled

Compilation events (0 events):
No events

GC Heap History (0 events):
No events

Deoptimization events (0 events):
No events

Internal exceptions (0 events):
No events

Events (10 events):
Event: 0.046 loading class java/lang/Short
Event: 0.047 loading class java/lang/Short done
Event: 0.047 loading class java/lang/Integer
Event: 0.047 loading class java/lang/Integer done
Event: 0.047 loading class java/lang/Long
Event: 0.047 loading class java/lang/Long done
Event: 0.048 loading class java/lang/NullPointerException
Event: 0.049 loading class java/lang/NullPointerException done
Event: 0.049 loading class java/lang/ArithmeticException
Event: 0.049 loading class java/lang/ArithmeticException done


Dynamic libraries:
0x00007ff63bbc0000 - 0x00007ff63bbf7000 	C:\Program Files\Java\jdk1.8.0_60\bin\java.exe
0x00007ffc8e000000 - 0x00007ffc8e1c1000 	C:\Windows\SYSTEM32\ntdll.dll
0x00007ffc8c280000 - 0x00007ffc8c32d000 	C:\Windows\system32\KERNEL32.DLL
0x00007ffc8ab20000 - 0x00007ffc8acfd000 	C:\Windows\system32\KERNELBASE.dll
0x00007ffc8c330000 - 0x00007ffc8c3d6000 	C:\Windows\system32\ADVAPI32.dll
0x00007ffc8dcd0000 - 0x00007ffc8dd6d000 	C:\Windows\system32\msvcrt.dll
0x00007ffc8c210000 - 0x00007ffc8c26b000 	C:\Windows\system32\sechost.dll
0x00007ffc8bca0000 - 0x00007ffc8bdc6000 	C:\Windows\system32\RPCRT4.dll
0x00007ffc8b830000 - 0x00007ffc8b97e000 	C:\Windows\system32\USER32.dll
0x00007ffc8c3e0000 - 0x00007ffc8c566000 	C:\Windows\system32\GDI32.dll
0x00007ffc83030000 - 0x00007ffc832a4000 	C:\Windows\WinSxS\amd64_microsoft.windows.common-controls_6595b64144ccf1df_6.0.10240.16384_none_f41f7b285750ef43\COMCTL32.dll
0x00007ffc8bee0000 - 0x00007ffc8bf16000 	C:\Windows\system32\IMM32.DLL
0x00007ffc8b6d0000 - 0x00007ffc8b82c000 	C:\Windows\system32\MSCTF.dll
0x000000006de10000 - 0x000000006dee2000 	C:\Program Files\Java\jdk1.8.0_60\jre\bin\msvcr100.dll
0x000000006def0000 - 0x000000006e779000 	C:\Program Files\Java\jdk1.8.0_60\jre\bin\server\jvm.dll
0x00007ffc8db80000 - 0x00007ffc8db88000 	C:\Windows\system32\PSAPI.DLL
0x00007ffc82000000 - 0x00007ffc82009000 	C:\Windows\SYSTEM32\WSOCK32.dll
0x00007ffc88200000 - 0x00007ffc8820a000 	C:\Windows\SYSTEM32\VERSION.dll
0x00007ffc88ee0000 - 0x00007ffc88f03000 	C:\Windows\SYSTEM32\WINMM.dll
0x00007ffc8dc00000 - 0x00007ffc8dc69000 	C:\Windows\system32\WS2_32.dll
0x00007ffc8bf20000 - 0x00007ffc8bf28000 	C:\Windows\system32\NSI.dll
0x00007ffc88e80000 - 0x00007ffc88eac000 	C:\Windows\SYSTEM32\WINMMBASE.dll
0x00007ffc8aad0000 - 0x00007ffc8ab14000 	C:\Windows\system32\cfgmgr32.dll
0x00007ffc893a0000 - 0x00007ffc893c7000 	C:\Windows\SYSTEM32\DEVOBJ.dll
0x000000006ddc0000 - 0x000000006ddcf000 	C:\Program Files\Java\jdk1.8.0_60\jre\bin\verify.dll
0x000000006dd90000 - 0x000000006ddb9000 	C:\Program Files\Java\jdk1.8.0_60\jre\bin\java.dll
0x000000006dd70000 - 0x000000006dd86000 	C:\Program Files\Java\jdk1.8.0_60\jre\bin\zip.dll

VM Arguments:
jvm_args: -Dfile.encoding=UTF-8 
java_command: client.Client
java_class_path (initial): C:\Users\dhz\Documents\GitHub\Pemrograman_Jaringan_C\Tugas_1\dhiaz\Client\build\classes
Launcher Type: SUN_STANDARD

Environment Variables:
PATH=C:\ProgramData\Oracle\Java\javapath;C:\Program Files (x86)\Common Files\Intel\Shared Files\cpp\bin\Intel64;C:\Windows\system32;C:\Windows;C:\Windows\System32\Wbem;C:\Windows\System32\WindowsPowerShell\v1.0\;C:\Program Files (x86)\Brackets\command;C:\Program Files (x86)\Windows Kits\8.1\Windows Performance Toolkit\;C:\Program Files\Microsoft SQL Server\110\Tools\Binn\;C:\Program Files\Microsoft SQL Server\120\DTS\Binn\;C:\Program Files\Microsoft SQL Server\Client SDK\ODBC\110\Tools\Binn\;C:\Program Files (x86)\Microsoft SQL Server\120\Tools\Binn\;C:\Program Files\Microsoft SQL Server\120\Tools\Binn\;C:\Program Files (x86)\Microsoft SQL Server\120\Tools\Binn\ManagementStudio\;C:\Program Files (x86)\Microsoft SQL Server\120\DTS\Binn\;C:\Windows\system32\config\systemprofile\.dnx\bin;C:\Program Files\Microsoft DNX\Dnvm\;C:\Users\dhz\AppData\Local\atom\bin
USERNAME=dhz
OS=Windows_NT
PROCESSOR_IDENTIFIER=Intel64 Family 6 Model 37 Stepping 2, GenuineIntel



---------------  S Y S T E M  ---------------

OS: Windows 10.0 , 64 bit Build 10240 (10.0.10240.16384)

CPU:total 4 (2 cores per cpu, 2 threads per core) family 6 model 37 stepping 2, cmov, cx8, fxsr, mmx, sse, sse2, sse3, ssse3, sse4.1, sse4.2, popcnt, ht, tsc, tscinvbit

Memory: 4k page, physical 8181616k(912184k free), swap 23646308k(5860k free)

vm_info: Java HotSpot(TM) 64-Bit Server VM (25.60-b23) for windows-amd64 JRE (1.8.0_60-b27), built on Aug  4 2015 11:06:27 by "java_re" with MS VC++ 10.0 (VS2010)

time: Mon Oct 12 04:44:33 2015
elapsed time: 0 seconds (0d 0h 0m 0s)

